Название функции "hello_world"
Аргументы функции hello_world - (){}
Время начала работы функции 2025-09-28 11:30:49.121076
Время конца работы функции 2025-09-28 11:30:49.121080
Результат - Hello World

Название функции "summator"
Аргументы функции summator - (2, 2){}
Время начала работы функции 2025-09-28 11:30:49.121434
Время конца работы функции 2025-09-28 11:30:49.121438
Результат - 4

Название функции "div"
Аргументы функции div - (6, 2){}
Время начала работы функции 2025-09-28 11:30:49.121752
Время конца работы функции 2025-09-28 11:30:49.121757
Результат - 3.0

Название функции "summator"
Аргументы функции summator - (4.3,){'b': 2.2}
Время начала работы функции 2025-09-28 11:30:49.122179
Время конца работы функции 2025-09-28 11:30:49.122184
Результат - 6.5

