Название функции "hello_world"
Аргументы функции hello_world - (){}
Время начала работы функции 2025-09-28 11:21:24.072358
Время конца работы функции 2025-09-28 11:21:24.072363
Результат - Hello World

Название функции "summator"
Аргументы функции summator - (2, 2){}
Время начала работы функции 2025-09-28 11:21:24.072704
Время конца работы функции 2025-09-28 11:21:24.072709
Результат - 4

Название функции "div"
Аргументы функции div - (6, 2){}
Время начала работы функции 2025-09-28 11:21:24.073008
Время конца работы функции 2025-09-28 11:21:24.073013
Результат - 3.0

Название функции "summator"
Аргументы функции summator - (4.3,){'b': 2.2}
Время начала работы функции 2025-09-28 11:21:24.073646
Время конца работы функции 2025-09-28 11:21:24.073652
Результат - 6.5

