Название функции "hello_world"
Аргументы функции hello_world - (){}
Время начала работы функции 2025-09-28 11:30:49.122678
Время конца работы функции 2025-09-28 11:30:49.122682
Результат - Hello World

Название функции "summator"
Аргументы функции summator - (2, 2){}
Время начала работы функции 2025-09-28 11:30:49.122987
Время конца работы функции 2025-09-28 11:30:49.122991
Результат - 4

Название функции "div"
Аргументы функции div - (6, 2){}
Время начала работы функции 2025-09-28 11:30:49.123286
Время конца работы функции 2025-09-28 11:30:49.123291
Результат - 3.0

Название функции "summator"
Аргументы функции summator - (4.3,){'b': 2.2}
Время начала работы функции 2025-09-28 11:30:49.123693
Время конца работы функции 2025-09-28 11:30:49.123698
Результат - 6.5

