Название функции "hello_world"
Аргументы функции hello_world - (){}
Время начала работы функции 2025-09-28 10:39:25.357984
Время конца работы функции 2025-09-28 10:39:25.357984
Результат - Hello World

Название функции "summator"
Аргументы функции summator - (2, 2){}
Время начала работы функции 2025-09-28 10:39:25.358373
Время конца работы функции 2025-09-28 10:39:25.358373
Результат - 4

Название функции "div"
Аргументы функции div - (6, 2){}
Время начала работы функции 2025-09-28 10:39:25.358669
Время конца работы функции 2025-09-28 10:39:25.358669
Результат - 3.0

Название функции "summator"
Аргументы функции summator - (4.3,){'b': 2.2}
Время начала работы функции 2025-09-28 10:39:25.359385
Время конца работы функции 2025-09-28 10:39:25.359385
Результат - 6.5

Название функции "summator"
Аргументы функции summator - (){'a': 0, 'b': 0}
Время начала работы функции 2025-09-28 10:39:25.359669
Время конца работы функции 2025-09-28 10:39:25.359669
Результат - 0

